build/app/outputs/mapping/release/mapping.txt
# compiler: R8
# compiler_version: 2.1.62
# min_api: 16
# pg_map_id: 1f32021
# common_typos_disable
...
io.flutter.view.AccessibilityBridge$OnAccessibilityChangeListener -> io.flutter.view.c$i:
    void onAccessibilityChanged(boolean,boolean) -> a
io.flutter.view.AccessibilityBridge$SemanticsNode -> io.flutter.view.c$j:
    int scrollChildren -> j
    int textSelectionExtent -> h
    int currentValueLength -> f
    float right -> D
    int actions -> d
    float left -> B
    java.lang.String value -> p
    int id -> b
    java.lang.String decreasedValue -> r
    float previousScrollPosition -> y
    java.lang.String previousValue -> z
    io.flutter.view.AccessibilityBridge$CustomAccessibilityAction onTapOverride -> K
    int previousTextSelectionBase -> w
    java.util.List childrenInHitTestOrder -> I
    int previousFlags -> u
    io.flutter.view.AccessibilityBridge$SemanticsNode parent -> G
    android.graphics.Rect globalRect -> Q
    float scrollExtentMax -> m
    float scrollPosition -> l
    boolean inverseTransformDirty -> M
    float[] inverseTransform -> N
    boolean globalGeometryDirty -> O
    int scrollIndex -> k
    int platformViewId -> i
    float bottom -> E
    java.lang.String label -> o
    int textSelectionBase -> g
    float top -> C
    float[] transform -> F
    io.flutter.view.AccessibilityBridge accessibilityBridge -> a
    java.lang.String increasedValue -> q
    int maxValueLength -> e
    java.lang.String hint -> s
    int flags -> c
    boolean hadPreviousConfig -> t
    io.flutter.view.AccessibilityBridge$CustomAccessibilityAction onLongPressOverride -> L
    int previousTextSelectionExtent -> x
    int previousActions -> v
    java.util.List customAccessibilityActions -> J
io.flutter.view.AccessibilityBridge$TextDirection -> io.flutter.view.c$k:
    io.flutter.view.AccessibilityBridge$TextDirection[] $VALUES -> d
    io.flutter.view.AccessibilityBridge$TextDirection UNKNOWN -> a
    io.flutter.view.AccessibilityBridge$TextDirection LTR -> b
    io.flutter.view.AccessibilityBridge$TextDirection RTL -> c
    io.flutter.view.AccessibilityBridge$TextDirection fromInt(int) -> a
io.flutter.view.AccessibilityViewEmbedder$1 -> io.flutter.view.AccessibilityViewEmbedder$a:
io.flutter.view.AccessibilityViewEmbedder$ReflectionAccessors -> io.flutter.view.AccessibilityViewEmbedder$b:
    java.lang.reflect.Method getRecordSourceNodeId -> c
    java.lang.reflect.Method getChildId -> d
    java.lang.reflect.Field childNodeIdsField -> e
    java.lang.reflect.Method longArrayGetIndex -> f
    java.lang.reflect.Method getSourceNodeId -> a
    java.lang.reflect.Method getParentNodeId -> b
    java.lang.Long access$100(io.flutter.view.AccessibilityViewEmbedder$ReflectionAccessors,android.view.accessibility.AccessibilityNodeInfo) -> a
    int access$200(long) -> b
    java.lang.Long access$300(io.flutter.view.AccessibilityViewEmbedder$ReflectionAccessors,android.view.accessibility.AccessibilityNodeInfo) -> c
    java.lang.Long access$500(io.flutter.view.AccessibilityViewEmbedder$ReflectionAccessors,android.view.accessibility.AccessibilityNodeInfo,int) -> d
    java.lang.Long access$600(io.flutter.view.AccessibilityViewEmbedder$ReflectionAccessors,android.view.accessibility.AccessibilityRecord) -> e
    java.lang.Long getChildId(android.view.accessibility.AccessibilityNodeInfo,int) -> f
    java.lang.Long getParentNodeId(android.view.accessibility.AccessibilityNodeInfo) -> g
    java.lang.Long getRecordSourceNodeId(android.view.accessibility.AccessibilityRecord) -> h
    java.lang.Long getSourceNodeId(android.view.accessibility.AccessibilityNodeInfo) -> i
    int getVirtualNodeId(long) -> j
    boolean isBitSet(long,int) -> k
io.flutter.view.AccessibilityViewEmbedder$ViewAndId -> io.flutter.view.AccessibilityViewEmbedder$c:
    android.view.View view -> a
    int id -> b
io.flutter.view.FlutterNativeView -> io.flutter.view.d:
io.flutter.view.TextureRegistry -> io.flutter.view.e:
    io.flutter.view.TextureRegistry$SurfaceTextureEntry createSurfaceTexture() -> a