build/app/outputs/mapping/release/usage.txt
com.example.auto_pilot.R$string
com.example.auto_pilot.R$styleable
com.example.auto_pilot.R$mipmap
com.example.auto_pilot.R
com.example.auto_pilot.R$dimen
com.example.auto_pilot.R$drawable
com.example.auto_pilot.R$attr
com.example.auto_pilot.R$integer
com.example.auto_pilot.BuildConfig
com.example.auto_pilot.R$layout
com.example.auto_pilot.R$style
com.example.auto_pilot.R$id
com.example.auto_pilot.R$color
...
com.google.common.collect.ForwardingMultiset
kotlin.collections.MapWithDefaultImpl
kotlin.random.RandomKt
kotlin.jvm.internal.PropertyReference1
io.flutter.embedding.android.FlutterFragmentActivity$CachedEngineIntentBuilder
kotlin.UNumbersKt
androidx.core.telephony.mbms.MbmsHelper
com.google.common.collect.Multisets$3$1
kotlin.sequences.TakeWhileSequence
com.google.common.collect.ForwardingDeque
androidx.fragment.app.FragmentManagerImpl$FragmentLifecycleCallbacksHolder
com.ggichure.github.hexcolor.R$dimen
com.google.common.escape.Escaper
androidx.lifecycle.LiveData$ObserverWrapper:
    void <init>(androidx.lifecycle.LiveData,androidx.lifecycle.Observer)
    abstract boolean shouldBeActive()
    boolean isAttachedTo(androidx.lifecycle.LifecycleOwner)
    void detachObserver()
    int mLastVersion
javax.annotation.Nonnegative
com.google.common.base.Functions$FunctionComposition
com.google.common.hash.LongAddables$PureJavaLongAddable
com.google.common.util.concurrent.ForwardingLock
com.google.common.collect.FilteredEntryMultimap
androidx.annotation.NonNull
kotlin.properties.Delegates$observable$1
androidx.core.R$string
com.google.common.util.concurrent.MoreExecutors$ScheduledListeningDecorator$NeverSuccessfulListenableFutureTask
androidx.arch.core.executor.DefaultTaskExecutor$1
androidx.core.util.Pools$SimplePool
kotlin.collections.ArraysKt___ArraysKt$withIndex$8
androidx.core.text.TextDirectionHeuristicsCompat$TextDirectionHeuristicImpl
androidx.core.text.util.LinkifyCompat
androidx.lifecycle.livedata.core.R
androidx.savedstate.Recreator$SavedStateProvider
com.google.common.collect.ImmutableSortedMapFauxverideShim
kotlin.jvm.internal.MutablePropertyReference0
com.google.common.collect.AbstractMapBasedMultiset
kotlin.coroutines.CombinedContext$writeReplace$1
com.google.common.util.concurrent.SequentialExecutor$WorkerRunningState
androidx.core.view.accessibility.AccessibilityNodeInfoCompat$AccessibilityActionCompat
androidx.core.content.pm.PermissionInfoCompat$Protection
com.google.common.math.IntMath
kotlin.Experimental
kotlin.io.ConsoleKt
com.google.common.eventbus.SubscriberExceptionHandler
kotlin.coroutines.experimental.CoroutineContext$plus$1
androidx.core.util.Pools$Pool
com.google.common.collect.Sets$4
kotlin.io.FilesKt__FileReadWriteKt
androidx.annotation.RequiresPermission
com.google.common.math.Quantiles$Scale
androidx.fragment.app.Fragment:
    public void <init>()
    public void <init>(int)
    private void initLifecycle()
    public static androidx.fragment.app.Fragment instantiate(android.content.Context,java.lang.String)
    public static androidx.fragment.app.Fragment instantiate(android.content.Context,java.lang.String,android.os.Bundle)
    private androidx.fragment.app.Fragment$AnimationInfo ensureAnimationInfo()
    static void <clinit>()
    public androidx.lifecycle.Lifecycle getLifecycle()
    public androidx.lifecycle.LifecycleOwner getViewLifecycleOwner()
    public androidx.lifecycle.LiveData getViewLifecycleOwnerLiveData()
    public androidx.lifecycle.ViewModelStore getViewModelStore()
    public final androidx.savedstate.SavedStateRegistry getSavedStateRegistry()
    final void restoreViewState(android.os.Bundle)
    final boolean isInBackStack()
    public final boolean equals(java.lang.Object)
    public final int hashCode()
    public java.lang.String toString()
    public final int getId()
    public final java.lang.String getTag()
    public void setArguments(android.os.Bundle)
    public final android.os.Bundle getArguments()
    public final android.os.Bundle requireArguments()
    public final boolean isStateSaved()
    public void setInitialSavedState(androidx.fragment.app.Fragment$SavedState)
    public void setTargetFragment(androidx.fragment.app.Fragment,int)
    public final androidx.fragment.app.Fragment getTargetFragment()
kotlin.coroutines.jvm.internal.SuspendFunction
androidx.core.widget.NestedScrollView
kotlin.ReplaceWith